<?xml version="1.0" encoding="UTF-8"?>
<!-- Generated by org.testng.reporters.JUnitReportReporter -->
<testsuite hostname="LTIN334133" failures="0" tests="1" name="com.makemytrip.testCases.FlightInfoPageTest" time="3.264" errors="0" timestamp="2023-03-13T12:21:49 IST" skipped="0">
  <testcase classname="com.makemytrip.testCases.FlightInfoPageTest" name="lowestChargesFlight" time="3.264"/>
  <system-out/>
</testsuite> <!-- com.makemytrip.testCases.FlightInfoPageTest -->
