<?xml version="1.0" encoding="UTF-8"?>
<!-- Generated by org.testng.reporters.JUnitReportReporter -->
<testsuite hostname="LTIN334133" failures="0" tests="1" name="com.makemytrip.testCases.FlightPageTest" time="36.841" errors="0" timestamp="2023-04-17T10:28:52 IST" skipped="0">
  <testcase classname="com.makemytrip.testCases.FlightPageTest" name="searchFlightWithValidData" time="36.841"/>
  <system-out/>
</testsuite> <!-- com.makemytrip.testCases.FlightPageTest -->
