<?xml version="1.0" encoding="UTF-8"?>
<!-- Generated by org.testng.reporters.JUnitReportReporter -->
<testsuite hostname="LTIN334133" failures="0" tests="1" name="com.makemytrip.testCases.HomePageTest" time="15.714" errors="0" timestamp="2023-03-13T18:32:21 IST" skipped="0">
  <testcase classname="com.makemytrip.testCases.HomePageTest" name="searchFlight" time="15.714"/>
  <system-out/>
</testsuite> <!-- com.makemytrip.testCases.HomePageTest -->
